2022-10-21 14:49:07.615 ERROR[main] org.springframework.boot.diagnostics.LoggingFailureAnalysisReporter : 

***************************
APPLICATION FAILED TO START
***************************

Description:

Field redisUtil in com.orange.shiro.shiro.ShiroRealm required a bean of type 'com.orange.redis.utils.RedisUtil' that could not be found.

The injection point has the following annotations:
	- @org.springframework.beans.factory.annotation.Autowired(required=true)


Action:

Consider defining a bean of type 'com.orange.redis.utils.RedisUtil' in your configuration.

2022-10-21 14:51:09.012 ERROR[main] org.springframework.boot.diagnostics.LoggingFailureAnalysisReporter : 

***************************
APPLICATION FAILED TO START
***************************

Description:

Field shiroRealm in com.orange.shiro.shiro.ShiroConfig required a bean of type 'com.orange.redis.utils.RedisUtil' that could not be found.

The injection point has the following annotations:
	- @org.springframework.beans.factory.annotation.Autowired(required=true)


Action:

Consider defining a bean of type 'com.orange.redis.utils.RedisUtil' in your configuration.

