2022-11-09 10:38:01.186 INFO [main] com.orange.security.SecurityApplication : Starting SecurityApplication on HZH22743C with PID 15236 (D:\uidq5805\studyproject\springboot\security\target\classes started by uidq5805 in D:\uidq5805\studyproject\springboot)
2022-11-09 10:38:01.217 INFO [main] com.orange.security.SecurityApplication : No active profile set, falling back to default profiles: default
2022-11-09 10:38:01.875 INFO [main] org.springframework.boot.web.embedded.tomcat.TomcatWebServer : Tomcat initialized with port(s): 9098 (http)
2022-11-09 10:38:01.891 INFO [main] org.apache.coyote.http11.Http11NioProtocol : Initializing ProtocolHandler ["http-nio-9098"]
2022-11-09 10:38:01.891 INFO [main] org.apache.catalina.core.StandardService : Starting service [Tomcat]
2022-11-09 10:38:01.891 INFO [main] org.apache.catalina.core.StandardEngine : Starting Servlet engine: [Apache Tomcat/9.0.27]
2022-11-09 10:38:01.946 INFO [main] org.apache.catalina.core.ContainerBase.[Tomcat].[localhost].[/] : Initializing Spring embedded WebApplicationContext
2022-11-09 10:38:01.946 INFO [main] org.springframework.web.context.ContextLoader : Root WebApplicationContext: initialization completed in 696 ms
2022-11-09 10:38:02.049 INFO [main] org.springframework.scheduling.concurrent.ThreadPoolTaskExecutor : Initializing ExecutorService 'applicationTaskExecutor'
2022-11-09 10:38:02.111 WARN [main] org.springframework.boot.web.servlet.context.AnnotationConfigServletWebServerApplicationContext : Exception encountered during context initialization - cancelling refresh attempt: org.springframework.beans.factory.BeanCreationException: Error creating bean with name 'dataSource' defined in class path resource [org/springframework/boot/autoconfigure/jdbc/DataSourceConfiguration$Hikari.class]: Bean instantiation via factory method failed; nested exception is org.springframework.beans.BeanInstantiationException: Failed to instantiate [com.zaxxer.hikari.HikariDataSource]: Factory method 'dataSource' threw exception; nested exception is org.springframework.boot.autoconfigure.jdbc.DataSourceProperties$DataSourceBeanCreationException: Failed to determine a suitable driver class
2022-11-09 10:38:02.120 INFO [main] org.springframework.scheduling.concurrent.ThreadPoolTaskExecutor : Shutting down ExecutorService 'applicationTaskExecutor'
2022-11-09 10:38:02.120 INFO [main] org.apache.catalina.core.StandardService : Stopping service [Tomcat]
2022-11-09 10:38:02.120 INFO [main] org.springframework.boot.autoconfigure.logging.ConditionEvaluationReportLoggingListener : 

Error starting ApplicationContext. To display the conditions report re-run your application with 'debug' enabled.
2022-11-09 10:38:02.120 ERROR[main] org.springframework.boot.diagnostics.LoggingFailureAnalysisReporter : 

***************************
APPLICATION FAILED TO START
***************************

Description:

Failed to configure a DataSource: 'url' attribute is not specified and no embedded datasource could be configured.

Reason: Failed to determine a suitable driver class


Action:

Consider the following:
	If you want an embedded database (H2, HSQL or Derby), please put it on the classpath.
	If you have database settings to be loaded from a particular profile you may need to activate it (no profiles are currently active).

2022-11-09 10:46:15.278 INFO [main] com.orange.security.SecurityApplication : Starting SecurityApplication on HZH22743C with PID 13704 (D:\uidq5805\studyproject\springboot\security\target\classes started by uidq5805 in D:\uidq5805\studyproject\springboot)
2022-11-09 10:46:15.294 INFO [main] com.orange.security.SecurityApplication : No active profile set, falling back to default profiles: default
2022-11-09 10:46:15.841 INFO [main] org.springframework.boot.web.embedded.tomcat.TomcatWebServer : Tomcat initialized with port(s): 9098 (http)
2022-11-09 10:46:15.841 INFO [main] org.apache.coyote.http11.Http11NioProtocol : Initializing ProtocolHandler ["http-nio-9098"]
2022-11-09 10:46:15.841 INFO [main] org.apache.catalina.core.StandardService : Starting service [Tomcat]
2022-11-09 10:46:15.841 INFO [main] org.apache.catalina.core.StandardEngine : Starting Servlet engine: [Apache Tomcat/9.0.27]
2022-11-09 10:46:15.926 INFO [main] org.apache.catalina.core.ContainerBase.[Tomcat].[localhost].[/] : Initializing Spring embedded WebApplicationContext
2022-11-09 10:46:15.926 INFO [main] org.springframework.web.context.ContextLoader : Root WebApplicationContext: initialization completed in 601 ms
2022-11-09 10:46:16.469 INFO [main] org.springframework.scheduling.concurrent.ThreadPoolTaskExecutor : Initializing ExecutorService 'applicationTaskExecutor'
2022-11-09 10:46:16.595 INFO [main] org.apache.coyote.http11.Http11NioProtocol : Starting ProtocolHandler ["http-nio-9098"]
2022-11-09 10:46:16.612 INFO [main] org.springframework.boot.web.embedded.tomcat.TomcatWebServer : Tomcat started on port(s): 9098 (http) with context path ''
2022-11-09 10:46:16.613 INFO [main] com.orange.security.SecurityApplication : Started SecurityApplication in 1.584 seconds (JVM running for 2.433)
2022-11-09 10:46:34.380 INFO [http-nio-9098-exec-1] org.apache.catalina.core.ContainerBase.[Tomcat].[localhost].[/] : Initializing Spring DispatcherServlet 'dispatcherServlet'
2022-11-09 10:46:34.380 INFO [http-nio-9098-exec-1] org.springframework.web.servlet.DispatcherServlet : Initializing Servlet 'dispatcherServlet'
2022-11-09 10:46:34.385 INFO [http-nio-9098-exec-1] org.springframework.web.servlet.DispatcherServlet : Completed initialization in 5 ms
2022-11-09 10:46:34.448 INFO [http-nio-9098-exec-1] com.zaxxer.hikari.HikariDataSource : HikariPool-1 - Starting...
2022-11-09 10:46:34.550 INFO [http-nio-9098-exec-1] com.zaxxer.hikari.HikariDataSource : HikariPool-1 - Start completed.
